<?xml version="1.0" encoding="UTF-8"?>
<!-- Generated by org.testng.reporters.JUnitReportReporter -->
<testsuite hostname="Gaurav-pc" failures="0" tests="2" name="testcases.RegistrationTest" time="1.658" errors="0" timestamp="2024-05-30T18:45:14 IST" skipped="0">
  <testcase classname="testcases.RegistrationTest" name="registrationCheck" time="1.258"/>
  <system-out>
    <![CDATA[Launching the Registeration Login]]>
  </system-out>
  <testcase classname="testcases.RegistrationTest" name="clickHome" time="0.400"/>
  <system-out/>
</testsuite> <!-- testcases.RegistrationTest -->
