<?xml version="1.0" encoding="UTF-8"?>
<!-- Generated by org.testng.reporters.JUnitReportReporter -->
<testsuite hostname="Gaurav-pc" failures="0" tests="1" name="testcases.LoginTest" time="1.263" errors="0" timestamp="2024-05-30T18:45:14 IST" skipped="0">
  <testcase classname="testcases.LoginTest" name="validLogin" time="1.263"/>
  <system-out>
    <![CDATA[Launching the validation Login]]>
  </system-out>
</testsuite> <!-- testcases.LoginTest -->
