<?xml version="1.0" encoding="UTF-8"?>
<!-- Generated by org.testng.reporters.JUnitReportReporter -->
<testsuite hostname="Zebronics" failures="0" tests="1" name="com.learnautomation.reports.ExtentManager" time="0.679" errors="0" timestamp="2024-04-18T12:54:32 IST" skipped="0">
  <testcase classname="com.learnautomation.reports.ExtentManager" name="reports" time="0.679"/>
  <system-out/>
</testsuite> <!-- com.learnautomation.reports.ExtentManager -->
